<?xml version="1.0" encoding="UTF-8"?>
<testsuite name="Services"
           tests="3"
           failures="0"
           errors="0"
           skipped="0"
           time="5.460">
    <properties></properties>



            <testcase
                name="checkIfUserIsAbleToSwipeRight"
                time="1.080"
                classname="com.assist.automate_tests.dashboard.Dashboard">
            </testcase>
            <testcase
                name="checkIfAllButtonsAreDisplayed"
                time="3.160"
                classname="com.assist.automate_tests.dashboard.Dashboard">
            </testcase>
            <testcase
                name="checkDashboardTextsAreDisplayed"
                time="1.220"
                classname="com.assist.automate_tests.dashboard.Dashboard">
            </testcase>
</testsuite>
